-- The C compiler identification is GNU 11.4.0
-- The CXX compiler identification is GNU 11.4.0
-- Detecting C compiler ABI info
-- Detecting C compiler ABI info - done
-- Check for working C compiler: /usr/bin/cc - skipped
-- Detecting C compile features
-- Detecting C compile features - done
-- Detecting CXX compiler ABI info
-- Detecting CXX compiler ABI info - done
-- Check for working CXX compiler: /usr/bin/c++ - skipped
-- Detecting CXX compile features
-- Detecting CXX compile features - done
-- Found ament_cmake: 1.3.14 (/opt/ros/humble/share/ament_cmake/cmake)
-- Found Python3: /usr/bin/python3 (found version "3.10.12") found components: Interpreter 
-- Found rclcpp: 16.0.19 (/opt/ros/humble/share/rclcpp/cmake)
-- Found rosidl_generator_c: 3.1.8 (/opt/ros/humble/share/rosidl_generator_c/cmake)
-- Found rosidl_adapter: 3.1.8 (/opt/ros/humble/share/rosidl_adapter/cmake)
-- Found rosidl_generator_cpp: 3.1.8 (/opt/ros/humble/share/rosidl_generator_cpp/cmake)
-- Using all available rosidl_typesupport_c: rosidl_typesupport_fastrtps_c;rosidl_typesupport_introspection_c
-- Using all available rosidl_typesupport_cpp: rosidl_typesupport_fastrtps_cpp;rosidl_typesupport_introspection_cpp
-- Found rmw_implementation_cmake: 6.1.2 (/opt/ros/humble/share/rmw_implementation_cmake/cmake)
-- Found rmw_fastrtps_cpp: 6.2.10 (/opt/ros/humble/share/rmw_fastrtps_cpp/cmake)
-- Found OpenSSL: /usr/lib/x86_64-linux-gnu/libcrypto.so (found version "3.0.2")  
-- Found FastRTPS: /opt/ros/humble/include  
-- Using RMW implementation 'rmw_fastrtps_cpp' as default
-- Looking for pthread.h
-- Looking for pthread.h - found
-- Performing Test CMAKE_HAVE_LIBC_PTHREAD
-- Performing Test CMAKE_HAVE_LIBC_PTHREAD - Success
-- Found Threads: TRUE  
-- Found sensor_msgs: 4.9.1 (/opt/ros/humble/share/sensor_msgs/cmake)
-- Found px4_msgs: 2.0.1 (/root/px4controller/install/px4_msgs/share/px4_msgs/cmake)
-- Configuring done
-- Generating done
-- Build files have been written to: /root/px4controller/src/px4controller/build/px4controller
[ 66%] [32mBuilding CXX object CMakeFiles/px4_controller.dir/src/px4_controller.cpp.o[0m
[ 66%] [32mBuilding CXX object CMakeFiles/px4_controller.dir/src/px4_proxy.cpp.o[0m
[01m[K/root/px4controller/src/px4controller/src/px4_controller.cpp:[m[K In constructor тАШ[01m[KPX4Controller::PX4Controller(const string&, const rclcpp::NodeOptions&)[m[KтАЩ:
[01m[K/root/px4controller/src/px4controller/src/px4_controller.cpp:20:8:[m[K [01;35m[Kwarning: [m[Kvariable тАШ[01m[Kqos[m[KтАЩ set but not used [[01;35m[K]8;;https://gcc.gnu.org/onlinedocs/gcc/Warning-Options.html#index-Wunused-but-set-variable-Wunused-but-set-variable]8;;[m[K]
   20 |   auto [01;35m[Kqos[m[K = rclcpp::QoS(rclcpp::QoSInitialization(qos_profile.history, 5), qos_profile);
      |        [01;35m[K^~~[m[K
[100%] [32m[1mLinking CXX executable px4_controller[0m
[100%] Built target px4_controller
-- Install configuration: ""
-- Installing: /root/px4controller/src/px4controller/install/px4controller/lib/px4controller/px4_controller
-- Set runtime path of "/root/px4controller/src/px4controller/install/px4controller/lib/px4controller/px4_controller" to ""
-- Installing: /root/px4controller/src/px4controller/install/px4controller/include
-- Installing: /root/px4controller/src/px4controller/install/px4controller/include/px4_controller.hpp
-- Installing: /root/px4controller/src/px4controller/install/px4controller/include/px4_proxy.hpp
-- Installing: /root/px4controller/src/px4controller/install/px4controller/share/px4controller/launch
-- Installing: /root/px4controller/src/px4controller/install/px4controller/share/px4controller/launch/px4controller_launch.py
-- Installing: /root/px4controller/src/px4controller/install/px4controller/share/ament_index/resource_index/package_run_dependencies/px4controller
-- Installing: /root/px4controller/src/px4controller/install/px4controller/share/ament_index/resource_index/parent_prefix_path/px4controller
-- Installing: /root/px4controller/src/px4controller/install/px4controller/share/px4controller/environment/ament_prefix_path.sh
-- Installing: /root/px4controller/src/px4controller/install/px4controller/share/px4controller/environment/ament_prefix_path.dsv
-- Installing: /root/px4controller/src/px4controller/install/px4controller/share/px4controller/environment/path.sh
-- Installing: /root/px4controller/src/px4controller/install/px4controller/share/px4controller/environment/path.dsv
-- Installing: /root/px4controller/src/px4controller/install/px4controller/share/px4controller/local_setup.bash
-- Installing: /root/px4controller/src/px4controller/install/px4controller/share/px4controller/local_setup.sh
-- Installing: /root/px4controller/src/px4controller/install/px4controller/share/px4controller/local_setup.zsh
-- Installing: /root/px4controller/src/px4controller/install/px4controller/share/px4controller/local_setup.dsv
-- Installing: /root/px4controller/src/px4controller/install/px4controller/share/px4controller/package.dsv
-- Installing: /root/px4controller/src/px4controller/install/px4controller/share/ament_index/resource_index/packages/px4controller
-- Installing: /root/px4controller/src/px4controller/install/px4controller/share/px4controller/cmake/ament_cmake_export_dependencies-extras.cmake
-- Installing: /root/px4controller/src/px4controller/install/px4controller/share/px4controller/cmake/px4controllerConfig.cmake
-- Installing: /root/px4controller/src/px4controller/install/px4controller/share/px4controller/cmake/px4controllerConfig-version.cmake
-- Installing: /root/px4controller/src/px4controller/install/px4controller/share/px4controller/package.xml
