[0.015s] Invoking command in '/root/px4controller/src/px4controller/build/px4controller': CMAKE_PREFIX_PATH=${CMAKE_PREFIX_PATH}:/opt/ros/humble /usr/bin/cmake /root/px4controller/src/px4controller -DCMAKE_INSTALL_PREFIX=/root/px4controller/src/px4controller/install/px4controller
[0.253s] -- The C compiler identification is GNU 11.4.0
[0.891s] -- The CXX compiler identification is GNU 11.4.0
[1.349s] -- Detecting C compiler ABI info
[1.525s] -- Detecting C compiler ABI info - done
[1.530s] -- Check for working C compiler: /usr/bin/cc - skipped
[1.531s] -- Detecting C compile features
[1.531s] -- Detecting C compile features - done
[1.534s] -- Detecting CXX compiler ABI info
[1.707s] -- Detecting CXX compiler ABI info - done
[1.711s] -- Check for working CXX compiler: /usr/bin/c++ - skipped
[1.711s] -- Detecting CXX compile features
[1.711s] -- Detecting CXX compile features - done
[1.721s] -- Found ament_cmake: 1.3.14 (/opt/ros/humble/share/ament_cmake/cmake)
[1.829s] -- Found Python3: /usr/bin/python3 (found version "3.10.12") found components: Interpreter 
[1.908s] -- Found rclcpp: 16.0.19 (/opt/ros/humble/share/rclcpp/cmake)
[2.117s] -- Found rosidl_generator_c: 3.1.8 (/opt/ros/humble/share/rosidl_generator_c/cmake)
[2.122s] -- Found rosidl_adapter: 3.1.8 (/opt/ros/humble/share/rosidl_adapter/cmake)
[2.134s] -- Found rosidl_generator_cpp: 3.1.8 (/opt/ros/humble/share/rosidl_generator_cpp/cmake)
[2.148s] -- Using all available rosidl_typesupport_c: rosidl_typesupport_fastrtps_c;rosidl_typesupport_introspection_c
[2.166s] -- Using all available rosidl_typesupport_cpp: rosidl_typesupport_fastrtps_cpp;rosidl_typesupport_introspection_cpp
[2.219s] -- Found rmw_implementation_cmake: 6.1.2 (/opt/ros/humble/share/rmw_implementation_cmake/cmake)
[2.223s] -- Found rmw_fastrtps_cpp: 6.2.10 (/opt/ros/humble/share/rmw_fastrtps_cpp/cmake)
[3.746s] -- Found OpenSSL: /usr/lib/x86_64-linux-gnu/libcrypto.so (found version "3.0.2")  
[5.389s] -- Found FastRTPS: /opt/ros/humble/include  
[8.335s] -- Using RMW implementation 'rmw_fastrtps_cpp' as default
[8.346s] -- Looking for pthread.h
[8.512s] -- Looking for pthread.h - found
[8.513s] -- Performing Test CMAKE_HAVE_LIBC_PTHREAD
[8.667s] -- Performing Test CMAKE_HAVE_LIBC_PTHREAD - Success
[8.668s] -- Found Threads: TRUE  
[8.715s] -- Found sensor_msgs: 4.9.1 (/opt/ros/humble/share/sensor_msgs/cmake)
[8.742s] -- Found px4_msgs: 2.0.1 (/root/px4controller/install/px4_msgs/share/px4_msgs/cmake)
[8.798s] -- Configuring done
[8.811s] -- Generating done
[8.816s] -- Build files have been written to: /root/px4controller/src/px4controller/build/px4controller
[8.828s] Invoked command in '/root/px4controller/src/px4controller/build/px4controller' returned '0': CMAKE_PREFIX_PATH=${CMAKE_PREFIX_PATH}:/opt/ros/humble /usr/bin/cmake /root/px4controller/src/px4controller -DCMAKE_INSTALL_PREFIX=/root/px4controller/src/px4controller/install/px4controller
[8.830s] Invoking command in '/root/px4controller/src/px4controller/build/px4controller': CMAKE_PREFIX_PATH=${CMAKE_PREFIX_PATH}:/opt/ros/humble /usr/bin/cmake --build /root/px4controller/src/px4controller/build/px4controller -- -j32 -l32
[8.869s] [ 66%] [32mBuilding CXX object CMakeFiles/px4_controller.dir/src/px4_controller.cpp.o[0m
[8.869s] [ 66%] [32mBuilding CXX object CMakeFiles/px4_controller.dir/src/px4_proxy.cpp.o[0m
[11.326s] [01m[K/root/px4controller/src/px4controller/src/px4_controller.cpp:[m[K In constructor ‘[01m[KPX4Controller::PX4Controller(const string&, const rclcpp::NodeOptions&)[m[K’:
[11.326s] [01m[K/root/px4controller/src/px4controller/src/px4_controller.cpp:20:8:[m[K [01;35m[Kwarning: [m[Kvariable ‘[01m[Kqos[m[K’ set but not used [[01;35m[K]8;;https://gcc.gnu.org/onlinedocs/gcc/Warning-Options.html#index-Wunused-but-set-variable-Wunused-but-set-variable]8;;[m[K]
[11.326s]    20 |   auto [01;35m[Kqos[m[K = rclcpp::QoS(rclcpp::QoSInitialization(qos_profile.history, 5), qos_profile);
[11.326s]       |        [01;35m[K^~~[m[K
[32.224s] [100%] [32m[1mLinking CXX executable px4_controller[0m
[33.796s] [100%] Built target px4_controller
[33.808s] Invoked command in '/root/px4controller/src/px4controller/build/px4controller' returned '0': CMAKE_PREFIX_PATH=${CMAKE_PREFIX_PATH}:/opt/ros/humble /usr/bin/cmake --build /root/px4controller/src/px4controller/build/px4controller -- -j32 -l32
[33.816s] Invoking command in '/root/px4controller/src/px4controller/build/px4controller': CMAKE_PREFIX_PATH=${CMAKE_PREFIX_PATH}:/opt/ros/humble /usr/bin/cmake --install /root/px4controller/src/px4controller/build/px4controller
[33.823s] -- Install configuration: ""
[33.824s] -- Installing: /root/px4controller/src/px4controller/install/px4controller/lib/px4controller/px4_controller
[33.847s] -- Set runtime path of "/root/px4controller/src/px4controller/install/px4controller/lib/px4controller/px4_controller" to ""
[33.847s] -- Installing: /root/px4controller/src/px4controller/install/px4controller/include
[33.847s] -- Installing: /root/px4controller/src/px4controller/install/px4controller/include/px4_controller.hpp
[33.847s] -- Installing: /root/px4controller/src/px4controller/install/px4controller/include/px4_proxy.hpp
[33.847s] -- Installing: /root/px4controller/src/px4controller/install/px4controller/share/px4controller/launch
[33.848s] -- Installing: /root/px4controller/src/px4controller/install/px4controller/share/px4controller/launch/px4controller_launch.py
[33.849s] -- Installing: /root/px4controller/src/px4controller/install/px4controller/share/ament_index/resource_index/package_run_dependencies/px4controller
[33.850s] -- Installing: /root/px4controller/src/px4controller/install/px4controller/share/ament_index/resource_index/parent_prefix_path/px4controller
[33.850s] -- Installing: /root/px4controller/src/px4controller/install/px4controller/share/px4controller/environment/ament_prefix_path.sh
[33.850s] -- Installing: /root/px4controller/src/px4controller/install/px4controller/share/px4controller/environment/ament_prefix_path.dsv
[33.851s] -- Installing: /root/px4controller/src/px4controller/install/px4controller/share/px4controller/environment/path.sh
[33.851s] -- Installing: /root/px4controller/src/px4controller/install/px4controller/share/px4controller/environment/path.dsv
[33.851s] -- Installing: /root/px4controller/src/px4controller/install/px4controller/share/px4controller/local_setup.bash
[33.851s] -- Installing: /root/px4controller/src/px4controller/install/px4controller/share/px4controller/local_setup.sh
[33.851s] -- Installing: /root/px4controller/src/px4controller/install/px4controller/share/px4controller/local_setup.zsh
[33.851s] -- Installing: /root/px4controller/src/px4controller/install/px4controller/share/px4controller/local_setup.dsv
[33.852s] -- Installing: /root/px4controller/src/px4controller/install/px4controller/share/px4controller/package.dsv
[33.852s] -- Installing: /root/px4controller/src/px4controller/install/px4controller/share/ament_index/resource_index/packages/px4controller
[33.853s] -- Installing: /root/px4controller/src/px4controller/install/px4controller/share/px4controller/cmake/ament_cmake_export_dependencies-extras.cmake
[33.853s] -- Installing: /root/px4controller/src/px4controller/install/px4controller/share/px4controller/cmake/px4controllerConfig.cmake
[33.853s] -- Installing: /root/px4controller/src/px4controller/install/px4controller/share/px4controller/cmake/px4controllerConfig-version.cmake
[33.853s] -- Installing: /root/px4controller/src/px4controller/install/px4controller/share/px4controller/package.xml
[33.855s] Invoked command in '/root/px4controller/src/px4controller/build/px4controller' returned '0': CMAKE_PREFIX_PATH=${CMAKE_PREFIX_PATH}:/opt/ros/humble /usr/bin/cmake --install /root/px4controller/src/px4controller/build/px4controller
