[0.238s] DEBUG:colcon:Command line arguments: ['/usr/bin/colcon', 'build']
[0.238s] DEBUG:colcon:Parsed command line arguments: Namespace(log_base=None, log_level=None, verb_name='build', build_base='build', install_base='install', merge_install=False, symlink_install=False, test_result_base=None, continue_on_error=False, executor='parallel', parallel_workers=32, event_handlers=None, ignore_user_meta=False, metas=['./colcon.meta'], base_paths=['.'], packages_ignore=None, packages_ignore_regex=None, paths=None, packages_up_to=None, packages_up_to_regex=None, packages_above=None, packages_above_and_dependencies=None, packages_above_depth=None, packages_select_by_dep=None, packages_skip_by_dep=None, packages_skip_up_to=None, packages_select_build_failed=False, packages_skip_build_finished=False, packages_select_test_failures=False, packages_skip_test_passed=False, packages_select=None, packages_skip=None, packages_select_regex=None, packages_skip_regex=None, packages_start=None, packages_end=None, allow_overriding=[], cmake_args=None, cmake_target=None, cmake_target_skip_unavailable=False, cmake_clean_cache=False, cmake_clean_first=False, cmake_force_configure=False, ament_cmake_args=None, catkin_cmake_args=None, catkin_skip_building_tests=False, verb_parser=<colcon_defaults.argument_parser.defaults.DefaultArgumentsDecorator object at 0x71123130fd30>, verb_extension=<colcon_core.verb.build.BuildVerb object at 0x71123130f8e0>, main=<bound method BuildVerb.main of <colcon_core.verb.build.BuildVerb object at 0x71123130f8e0>>)
[0.450s] Level 1:colcon.colcon_core.package_discovery:discover_packages(colcon_meta) check parameters
[0.450s] Level 1:colcon.colcon_core.package_discovery:discover_packages(recursive) check parameters
[0.450s] Level 1:colcon.colcon_core.package_discovery:discover_packages(ignore) check parameters
[0.450s] Level 1:colcon.colcon_core.package_discovery:discover_packages(path) check parameters
[0.450s] Level 1:colcon.colcon_core.package_discovery:discover_packages(colcon_meta) discover
[0.450s] Level 1:colcon.colcon_core.package_discovery:discover_packages(recursive) discover
[0.450s] INFO:colcon.colcon_core.package_discovery:Crawling recursively for packages in '/root/px4controller/src/px4controller'
[0.450s] Level 1:colcon.colcon_core.package_identification:_identify(.) by extensions ['ignore', 'ignore_ament_install']
[0.450s] Level 1:colcon.colcon_core.package_identification:_identify(.) by extension 'ignore'
[0.451s] Level 1:colcon.colcon_core.package_identification:_identify(.) by extension 'ignore_ament_install'
[0.451s] Level 1:colcon.colcon_core.package_identification:_identify(.) by extensions ['colcon_pkg']
[0.451s] Level 1:colcon.colcon_core.package_identification:_identify(.) by extension 'colcon_pkg'
[0.451s] Level 1:colcon.colcon_core.package_identification:_identify(.) by extensions ['colcon_meta']
[0.451s] Level 1:colcon.colcon_core.package_identification:_identify(.) by extension 'colcon_meta'
[0.451s] Level 1:colcon.colcon_core.package_identification:_identify(.) by extensions ['ros']
[0.451s] Level 1:colcon.colcon_core.package_identification:_identify(.) by extension 'ros'
[0.462s] DEBUG:colcon.colcon_core.package_identification:Package '.' with type 'ros.ament_cmake' and name 'px4controller'
[0.462s] Level 1:colcon.colcon_core.package_discovery:discover_packages(recursive) using defaults
[0.462s] Level 1:colcon.colcon_core.package_discovery:discover_packages(ignore) discover
[0.462s] Level 1:colcon.colcon_core.package_discovery:discover_packages(ignore) using defaults
[0.462s] Level 1:colcon.colcon_core.package_discovery:discover_packages(path) discover
[0.462s] Level 1:colcon.colcon_core.package_discovery:discover_packages(path) using defaults
[0.482s] Level 1:colcon.colcon_core.package_discovery:discover_packages(prefix_path) check parameters
[0.482s] Level 1:colcon.colcon_core.package_discovery:discover_packages(prefix_path) discover
[0.485s] DEBUG:colcon.colcon_installed_package_information.package_discovery:Found 2 installed packages in /root/px4controller/install
[0.486s] DEBUG:colcon.colcon_installed_package_information.package_discovery:Found 273 installed packages in /opt/ros/humble
[0.488s] Level 1:colcon.colcon_core.package_discovery:discover_packages(prefix_path) using defaults
[0.551s] Level 5:colcon.colcon_core.verb:set package 'px4controller' build argument 'cmake_args' from command line to 'None'
[0.552s] Level 5:colcon.colcon_core.verb:set package 'px4controller' build argument 'cmake_target' from command line to 'None'
[0.552s] Level 5:colcon.colcon_core.verb:set package 'px4controller' build argument 'cmake_target_skip_unavailable' from command line to 'False'
[0.552s] Level 5:colcon.colcon_core.verb:set package 'px4controller' build argument 'cmake_clean_cache' from command line to 'False'
[0.552s] Level 5:colcon.colcon_core.verb:set package 'px4controller' build argument 'cmake_clean_first' from command line to 'False'
[0.552s] Level 5:colcon.colcon_core.verb:set package 'px4controller' build argument 'cmake_force_configure' from command line to 'False'
[0.552s] Level 5:colcon.colcon_core.verb:set package 'px4controller' build argument 'ament_cmake_args' from command line to 'None'
[0.552s] Level 5:colcon.colcon_core.verb:set package 'px4controller' build argument 'catkin_cmake_args' from command line to 'None'
[0.552s] Level 5:colcon.colcon_core.verb:set package 'px4controller' build argument 'catkin_skip_building_tests' from command line to 'False'
[0.552s] DEBUG:colcon.colcon_core.verb:Building package 'px4controller' with the following arguments: {'ament_cmake_args': None, 'build_base': '/root/px4controller/src/px4controller/build/px4controller', 'catkin_cmake_args': None, 'catkin_skip_building_tests': False, 'cmake_args': None, 'cmake_clean_cache': False, 'cmake_clean_first': False, 'cmake_force_configure': False, 'cmake_target': None, 'cmake_target_skip_unavailable': False, 'install_base': '/root/px4controller/src/px4controller/install/px4controller', 'merge_install': False, 'path': '/root/px4controller/src/px4controller', 'symlink_install': False, 'test_result_base': None}
[0.552s] INFO:colcon.colcon_core.executor:Executing jobs using 'parallel' executor
[0.553s] DEBUG:colcon.colcon_parallel_executor.executor.parallel:run_until_complete
[0.553s] INFO:colcon.colcon_ros.task.ament_cmake.build:Building ROS package in '/root/px4controller/src/px4controller' with build type 'ament_cmake'
[0.553s] INFO:colcon.colcon_cmake.task.cmake.build:Building CMake package in '/root/px4controller/src/px4controller'
[0.556s] INFO:colcon.colcon_core.plugin_system:Skipping extension 'colcon_core.shell.bat': Not used on non-Windows systems
[0.557s] INFO:colcon.colcon_core.shell:Skip shell extension 'powershell' for command environment: Not usable outside of PowerShell
[0.557s] DEBUG:colcon.colcon_core.shell:Skip shell extension 'dsv' for command environment
[0.567s] DEBUG:colcon.colcon_core.event_handler.log_command:Invoking command in '/root/px4controller/src/px4controller/build/px4controller': CMAKE_PREFIX_PATH=${CMAKE_PREFIX_PATH}:/opt/ros/humble /usr/bin/cmake --build /root/px4controller/src/px4controller/build/px4controller -- -j32 -l32
[0.667s] DEBUG:colcon.colcon_core.event_handler.log_command:Invoked command in '/root/px4controller/src/px4controller/build/px4controller' returned '0': CMAKE_PREFIX_PATH=${CMAKE_PREFIX_PATH}:/opt/ros/humble /usr/bin/cmake --build /root/px4controller/src/px4controller/build/px4controller -- -j32 -l32
[0.676s] DEBUG:colcon.colcon_core.event_handler.log_command:Invoking command in '/root/px4controller/src/px4controller/build/px4controller': CMAKE_PREFIX_PATH=${CMAKE_PREFIX_PATH}:/opt/ros/humble /usr/bin/cmake --install /root/px4controller/src/px4controller/build/px4controller
[0.687s] Level 1:colcon.colcon_core.environment:create_environment_scripts_only(px4controller)
[0.687s] DEBUG:colcon.colcon_core.event_handler.log_command:Invoked command in '/root/px4controller/src/px4controller/build/px4controller' returned '0': CMAKE_PREFIX_PATH=${CMAKE_PREFIX_PATH}:/opt/ros/humble /usr/bin/cmake --install /root/px4controller/src/px4controller/build/px4controller
[0.692s] Level 1:colcon.colcon_core.environment:checking '/root/px4controller/src/px4controller/install/px4controller' for CMake module files
[0.692s] Level 1:colcon.colcon_core.environment:checking '/root/px4controller/src/px4controller/install/px4controller' for CMake config files
[0.692s] Level 1:colcon.colcon_core.shell:create_environment_hook('px4controller', 'cmake_prefix_path')
[0.692s] INFO:colcon.colcon_core.shell:Creating environment hook '/root/px4controller/src/px4controller/install/px4controller/share/px4controller/hook/cmake_prefix_path.ps1'
[0.693s] INFO:colcon.colcon_core.shell:Creating environment descriptor '/root/px4controller/src/px4controller/install/px4controller/share/px4controller/hook/cmake_prefix_path.dsv'
[0.694s] INFO:colcon.colcon_core.shell:Creating environment hook '/root/px4controller/src/px4controller/install/px4controller/share/px4controller/hook/cmake_prefix_path.sh'
[0.695s] Level 1:colcon.colcon_core.environment:checking '/root/px4controller/src/px4controller/install/px4controller/lib'
[0.695s] Level 1:colcon.colcon_core.environment:checking '/root/px4controller/src/px4controller/install/px4controller/bin'
[0.695s] Level 1:colcon.colcon_core.environment:checking '/root/px4controller/src/px4controller/install/px4controller/lib/pkgconfig/px4controller.pc'
[0.695s] Level 1:colcon.colcon_core.environment:checking '/root/px4controller/src/px4controller/install/px4controller/lib/python3.10/site-packages'
[0.695s] Level 1:colcon.colcon_core.environment:checking '/root/px4controller/src/px4controller/install/px4controller/bin'
[0.695s] INFO:colcon.colcon_core.shell:Creating package script '/root/px4controller/src/px4controller/install/px4controller/share/px4controller/package.ps1'
[0.696s] INFO:colcon.colcon_core.shell:Creating package descriptor '/root/px4controller/src/px4controller/install/px4controller/share/px4controller/package.dsv'
[0.697s] INFO:colcon.colcon_core.shell:Creating package script '/root/px4controller/src/px4controller/install/px4controller/share/px4controller/package.sh'
[0.697s] INFO:colcon.colcon_core.shell:Creating package script '/root/px4controller/src/px4controller/install/px4controller/share/px4controller/package.bash'
[0.698s] INFO:colcon.colcon_core.shell:Creating package script '/root/px4controller/src/px4controller/install/px4controller/share/px4controller/package.zsh'
[0.698s] Level 1:colcon.colcon_core.environment:create_file_with_runtime_dependencies(/root/px4controller/src/px4controller/install/px4controller/share/colcon-core/packages/px4controller)
[0.699s] Level 1:colcon.colcon_core.environment:create_environment_scripts_only(px4controller)
[0.699s] Level 1:colcon.colcon_core.environment:checking '/root/px4controller/src/px4controller/install/px4controller' for CMake module files
[0.699s] Level 1:colcon.colcon_core.environment:checking '/root/px4controller/src/px4controller/install/px4controller' for CMake config files
[0.699s] Level 1:colcon.colcon_core.shell:create_environment_hook('px4controller', 'cmake_prefix_path')
[0.699s] INFO:colcon.colcon_core.shell:Creating environment hook '/root/px4controller/src/px4controller/install/px4controller/share/px4controller/hook/cmake_prefix_path.ps1'
[0.700s] INFO:colcon.colcon_core.shell:Creating environment descriptor '/root/px4controller/src/px4controller/install/px4controller/share/px4controller/hook/cmake_prefix_path.dsv'
[0.700s] INFO:colcon.colcon_core.shell:Creating environment hook '/root/px4controller/src/px4controller/install/px4controller/share/px4controller/hook/cmake_prefix_path.sh'
[0.700s] Level 1:colcon.colcon_core.environment:checking '/root/px4controller/src/px4controller/install/px4controller/lib'
[0.700s] Level 1:colcon.colcon_core.environment:checking '/root/px4controller/src/px4controller/install/px4controller/bin'
[0.701s] Level 1:colcon.colcon_core.environment:checking '/root/px4controller/src/px4controller/install/px4controller/lib/pkgconfig/px4controller.pc'
[0.701s] Level 1:colcon.colcon_core.environment:checking '/root/px4controller/src/px4controller/install/px4controller/lib/python3.10/site-packages'
[0.701s] Level 1:colcon.colcon_core.environment:checking '/root/px4controller/src/px4controller/install/px4controller/bin'
[0.701s] INFO:colcon.colcon_core.shell:Creating package script '/root/px4controller/src/px4controller/install/px4controller/share/px4controller/package.ps1'
[0.701s] INFO:colcon.colcon_core.shell:Creating package descriptor '/root/px4controller/src/px4controller/install/px4controller/share/px4controller/package.dsv'
[0.702s] INFO:colcon.colcon_core.shell:Creating package script '/root/px4controller/src/px4controller/install/px4controller/share/px4controller/package.sh'
[0.702s] INFO:colcon.colcon_core.shell:Creating package script '/root/px4controller/src/px4controller/install/px4controller/share/px4controller/package.bash'
[0.702s] INFO:colcon.colcon_core.shell:Creating package script '/root/px4controller/src/px4controller/install/px4controller/share/px4controller/package.zsh'
[0.703s] Level 1:colcon.colcon_core.environment:create_file_with_runtime_dependencies(/root/px4controller/src/px4controller/install/px4controller/share/colcon-core/packages/px4controller)
[0.703s] DEBUG:colcon.colcon_parallel_executor.executor.parallel:closing loop
[0.703s] DEBUG:colcon.colcon_parallel_executor.executor.parallel:loop closed
[0.703s] DEBUG:colcon.colcon_parallel_executor.executor.parallel:run_until_complete finished with '0'
[0.703s] DEBUG:colcon.colcon_core.event_reactor:joining thread
[0.758s] INFO:colcon.colcon_core.plugin_system:Skipping extension 'colcon_notification.desktop_notification.notify_send': Could not find 'notify-send'
[0.758s] INFO:colcon.colcon_core.plugin_system:Skipping extension 'colcon_notification.desktop_notification.terminal_notifier': Not used on non-Darwin systems
[0.759s] INFO:colcon.colcon_core.plugin_system:Skipping extension 'colcon_notification.desktop_notification.win32': Not used on non-Windows systems
[0.759s] INFO:colcon.colcon_notification.desktop_notification:Sending desktop notification using 'notify2'
[0.759s] DEBUG:colcon.colcon_notification.desktop_notification.notify2:Failed to initialize notify2: org.freedesktop.DBus.Error.FileNotFound: Failed to connect to socket /run/user/0/bus: No such file or directory
[0.759s] DEBUG:colcon.colcon_core.event_reactor:joined thread
[0.759s] INFO:colcon.colcon_core.shell:Creating prefix script '/root/px4controller/src/px4controller/install/local_setup.ps1'
[0.760s] INFO:colcon.colcon_core.shell:Creating prefix util module '/root/px4controller/src/px4controller/install/_local_setup_util_ps1.py'
[0.761s] INFO:colcon.colcon_core.shell:Creating prefix chain script '/root/px4controller/src/px4controller/install/setup.ps1'
[0.762s] INFO:colcon.colcon_core.shell:Creating prefix script '/root/px4controller/src/px4controller/install/local_setup.sh'
[0.763s] INFO:colcon.colcon_core.shell:Creating prefix util module '/root/px4controller/src/px4controller/install/_local_setup_util_sh.py'
[0.763s] INFO:colcon.colcon_core.shell:Creating prefix chain script '/root/px4controller/src/px4controller/install/setup.sh'
[0.764s] INFO:colcon.colcon_core.shell:Creating prefix script '/root/px4controller/src/px4controller/install/local_setup.bash'
[0.764s] INFO:colcon.colcon_core.shell:Creating prefix chain script '/root/px4controller/src/px4controller/install/setup.bash'
[0.765s] INFO:colcon.colcon_core.shell:Creating prefix script '/root/px4controller/src/px4controller/install/local_setup.zsh'
[0.766s] INFO:colcon.colcon_core.shell:Creating prefix chain script '/root/px4controller/src/px4controller/install/setup.zsh'
