[0.154s] DEBUG:colcon:Command line arguments: ['/usr/bin/colcon', 'build']
[0.154s] DEBUG:colcon:Parsed command line arguments: Namespace(log_base=None, log_level=None, verb_name='build', build_base='build', install_base='install', merge_install=False, symlink_install=False, test_result_base=None, continue_on_error=False, executor='parallel', parallel_workers=32, event_handlers=None, ignore_user_meta=False, metas=['./colcon.meta'], base_paths=['.'], packages_ignore=None, packages_ignore_regex=None, paths=None, packages_up_to=None, packages_up_to_regex=None, packages_above=None, packages_above_and_dependencies=None, packages_above_depth=None, packages_select_by_dep=None, packages_skip_by_dep=None, packages_skip_up_to=None, packages_select_build_failed=False, packages_skip_build_finished=False, packages_select_test_failures=False, packages_skip_test_passed=False, packages_select=None, packages_skip=None, packages_select_regex=None, packages_skip_regex=None, packages_start=None, packages_end=None, allow_overriding=[], cmake_args=None, cmake_target=None, cmake_target_skip_unavailable=False, cmake_clean_cache=False, cmake_clean_first=False, cmake_force_configure=False, ament_cmake_args=None, catkin_cmake_args=None, catkin_skip_building_tests=False, verb_parser=<colcon_defaults.argument_parser.defaults.DefaultArgumentsDecorator object at 0x7b2da5dcfd30>, verb_extension=<colcon_core.verb.build.BuildVerb object at 0x7b2da5dcf8e0>, main=<bound method BuildVerb.main of <colcon_core.verb.build.BuildVerb object at 0x7b2da5dcf8e0>>)
[0.235s] Level 1:colcon.colcon_core.package_discovery:discover_packages(colcon_meta) check parameters
[0.235s] Level 1:colcon.colcon_core.package_discovery:discover_packages(recursive) check parameters
[0.235s] Level 1:colcon.colcon_core.package_discovery:discover_packages(ignore) check parameters
[0.235s] Level 1:colcon.colcon_core.package_discovery:discover_packages(path) check parameters
[0.235s] Level 1:colcon.colcon_core.package_discovery:discover_packages(colcon_meta) discover
[0.235s] Level 1:colcon.colcon_core.package_discovery:discover_packages(recursive) discover
[0.236s] INFO:colcon.colcon_core.package_discovery:Crawling recursively for packages in '/root/px4controller/src/px4controller'
[0.236s] Level 1:colcon.colcon_core.package_identification:_identify(.) by extensions ['ignore', 'ignore_ament_install']
[0.236s] Level 1:colcon.colcon_core.package_identification:_identify(.) by extension 'ignore'
[0.236s] Level 1:colcon.colcon_core.package_identification:_identify(.) by extension 'ignore_ament_install'
[0.236s] Level 1:colcon.colcon_core.package_identification:_identify(.) by extensions ['colcon_pkg']
[0.236s] Level 1:colcon.colcon_core.package_identification:_identify(.) by extension 'colcon_pkg'
[0.236s] Level 1:colcon.colcon_core.package_identification:_identify(.) by extensions ['colcon_meta']
[0.236s] Level 1:colcon.colcon_core.package_identification:_identify(.) by extension 'colcon_meta'
[0.236s] Level 1:colcon.colcon_core.package_identification:_identify(.) by extensions ['ros']
[0.236s] Level 1:colcon.colcon_core.package_identification:_identify(.) by extension 'ros'
[0.243s] DEBUG:colcon.colcon_core.package_identification:Package '.' with type 'ros.ament_cmake' and name 'px4controller'
[0.243s] Level 1:colcon.colcon_core.package_discovery:discover_packages(recursive) using defaults
[0.243s] Level 1:colcon.colcon_core.package_discovery:discover_packages(ignore) discover
[0.243s] Level 1:colcon.colcon_core.package_discovery:discover_packages(ignore) using defaults
[0.243s] Level 1:colcon.colcon_core.package_discovery:discover_packages(path) discover
[0.243s] Level 1:colcon.colcon_core.package_discovery:discover_packages(path) using defaults
[0.253s] Level 1:colcon.colcon_core.package_discovery:discover_packages(prefix_path) check parameters
[0.254s] Level 1:colcon.colcon_core.package_discovery:discover_packages(prefix_path) discover
[0.254s] DEBUG:colcon.colcon_installed_package_information.package_discovery:Found 2 installed packages in /root/px4controller/install
[0.255s] DEBUG:colcon.colcon_installed_package_information.package_discovery:Found 273 installed packages in /opt/ros/humble
[0.256s] Level 1:colcon.colcon_core.package_discovery:discover_packages(prefix_path) using defaults
[0.280s] Level 5:colcon.colcon_core.verb:set package 'px4controller' build argument 'cmake_args' from command line to 'None'
[0.280s] Level 5:colcon.colcon_core.verb:set package 'px4controller' build argument 'cmake_target' from command line to 'None'
[0.280s] Level 5:colcon.colcon_core.verb:set package 'px4controller' build argument 'cmake_target_skip_unavailable' from command line to 'False'
[0.280s] Level 5:colcon.colcon_core.verb:set package 'px4controller' build argument 'cmake_clean_cache' from command line to 'False'
[0.280s] Level 5:colcon.colcon_core.verb:set package 'px4controller' build argument 'cmake_clean_first' from command line to 'False'
[0.280s] Level 5:colcon.colcon_core.verb:set package 'px4controller' build argument 'cmake_force_configure' from command line to 'False'
[0.280s] Level 5:colcon.colcon_core.verb:set package 'px4controller' build argument 'ament_cmake_args' from command line to 'None'
[0.280s] Level 5:colcon.colcon_core.verb:set package 'px4controller' build argument 'catkin_cmake_args' from command line to 'None'
[0.280s] Level 5:colcon.colcon_core.verb:set package 'px4controller' build argument 'catkin_skip_building_tests' from command line to 'False'
[0.280s] DEBUG:colcon.colcon_core.verb:Building package 'px4controller' with the following arguments: {'ament_cmake_args': None, 'build_base': '/root/px4controller/src/px4controller/build/px4controller', 'catkin_cmake_args': None, 'catkin_skip_building_tests': False, 'cmake_args': None, 'cmake_clean_cache': False, 'cmake_clean_first': False, 'cmake_force_configure': False, 'cmake_target': None, 'cmake_target_skip_unavailable': False, 'install_base': '/root/px4controller/src/px4controller/install/px4controller', 'merge_install': False, 'path': '/root/px4controller/src/px4controller', 'symlink_install': False, 'test_result_base': None}
[0.280s] INFO:colcon.colcon_core.executor:Executing jobs using 'parallel' executor
[0.281s] DEBUG:colcon.colcon_parallel_executor.executor.parallel:run_until_complete
[0.282s] INFO:colcon.colcon_ros.task.ament_cmake.build:Building ROS package in '/root/px4controller/src/px4controller' with build type 'ament_cmake'
[0.282s] INFO:colcon.colcon_cmake.task.cmake.build:Building CMake package in '/root/px4controller/src/px4controller'
[0.283s] INFO:colcon.colcon_core.plugin_system:Skipping extension 'colcon_core.shell.bat': Not used on non-Windows systems
[0.284s] INFO:colcon.colcon_core.shell:Skip shell extension 'powershell' for command environment: Not usable outside of PowerShell
[0.284s] DEBUG:colcon.colcon_core.shell:Skip shell extension 'dsv' for command environment
[0.291s] DEBUG:colcon.colcon_core.event_handler.log_command:Invoking command in '/root/px4controller/src/px4controller/build/px4controller': CMAKE_PREFIX_PATH=${CMAKE_PREFIX_PATH}:/opt/ros/humble /usr/bin/cmake --build /root/px4controller/src/px4controller/build/px4controller -- -j32 -l32
[0.343s] DEBUG:colcon.colcon_core.event_handler.log_command:Invoked command in '/root/px4controller/src/px4controller/build/px4controller' returned '0': CMAKE_PREFIX_PATH=${CMAKE_PREFIX_PATH}:/opt/ros/humble /usr/bin/cmake --build /root/px4controller/src/px4controller/build/px4controller -- -j32 -l32
[0.351s] DEBUG:colcon.colcon_core.event_handler.log_command:Invoking command in '/root/px4controller/src/px4controller/build/px4controller': CMAKE_PREFIX_PATH=${CMAKE_PREFIX_PATH}:/opt/ros/humble /usr/bin/cmake --install /root/px4controller/src/px4controller/build/px4controller
[0.359s] Level 1:colcon.colcon_core.environment:create_environment_scripts_only(px4controller)
[0.360s] DEBUG:colcon.colcon_core.event_handler.log_command:Invoked command in '/root/px4controller/src/px4controller/build/px4controller' returned '0': CMAKE_PREFIX_PATH=${CMAKE_PREFIX_PATH}:/opt/ros/humble /usr/bin/cmake --install /root/px4controller/src/px4controller/build/px4controller
[0.361s] Level 1:colcon.colcon_core.environment:checking '/root/px4controller/src/px4controller/install/px4controller' for CMake module files
[0.361s] Level 1:colcon.colcon_core.environment:checking '/root/px4controller/src/px4controller/install/px4controller' for CMake config files
[0.361s] Level 1:colcon.colcon_core.shell:create_environment_hook('px4controller', 'cmake_prefix_path')
[0.362s] INFO:colcon.colcon_core.shell:Creating environment hook '/root/px4controller/src/px4controller/install/px4controller/share/px4controller/hook/cmake_prefix_path.ps1'
[0.362s] INFO:colcon.colcon_core.shell:Creating environment descriptor '/root/px4controller/src/px4controller/install/px4controller/share/px4controller/hook/cmake_prefix_path.dsv'
[0.362s] INFO:colcon.colcon_core.shell:Creating environment hook '/root/px4controller/src/px4controller/install/px4controller/share/px4controller/hook/cmake_prefix_path.sh'
[0.363s] Level 1:colcon.colcon_core.environment:checking '/root/px4controller/src/px4controller/install/px4controller/lib'
[0.363s] Level 1:colcon.colcon_core.environment:checking '/root/px4controller/src/px4controller/install/px4controller/bin'
[0.363s] Level 1:colcon.colcon_core.environment:checking '/root/px4controller/src/px4controller/install/px4controller/lib/pkgconfig/px4controller.pc'
[0.363s] Level 1:colcon.colcon_core.environment:checking '/root/px4controller/src/px4controller/install/px4controller/lib/python3.10/site-packages'
[0.363s] Level 1:colcon.colcon_core.environment:checking '/root/px4controller/src/px4controller/install/px4controller/bin'
[0.363s] INFO:colcon.colcon_core.shell:Creating package script '/root/px4controller/src/px4controller/install/px4controller/share/px4controller/package.ps1'
[0.364s] INFO:colcon.colcon_core.shell:Creating package descriptor '/root/px4controller/src/px4controller/install/px4controller/share/px4controller/package.dsv'
[0.364s] INFO:colcon.colcon_core.shell:Creating package script '/root/px4controller/src/px4controller/install/px4controller/share/px4controller/package.sh'
[0.365s] INFO:colcon.colcon_core.shell:Creating package script '/root/px4controller/src/px4controller/install/px4controller/share/px4controller/package.bash'
[0.365s] INFO:colcon.colcon_core.shell:Creating package script '/root/px4controller/src/px4controller/install/px4controller/share/px4controller/package.zsh'
[0.365s] Level 1:colcon.colcon_core.environment:create_file_with_runtime_dependencies(/root/px4controller/src/px4controller/install/px4controller/share/colcon-core/packages/px4controller)
[0.366s] Level 1:colcon.colcon_core.environment:create_environment_scripts_only(px4controller)
[0.366s] Level 1:colcon.colcon_core.environment:checking '/root/px4controller/src/px4controller/install/px4controller' for CMake module files
[0.366s] Level 1:colcon.colcon_core.environment:checking '/root/px4controller/src/px4controller/install/px4controller' for CMake config files
[0.366s] Level 1:colcon.colcon_core.shell:create_environment_hook('px4controller', 'cmake_prefix_path')
[0.367s] INFO:colcon.colcon_core.shell:Creating environment hook '/root/px4controller/src/px4controller/install/px4controller/share/px4controller/hook/cmake_prefix_path.ps1'
[0.367s] INFO:colcon.colcon_core.shell:Creating environment descriptor '/root/px4controller/src/px4controller/install/px4controller/share/px4controller/hook/cmake_prefix_path.dsv'
[0.367s] INFO:colcon.colcon_core.shell:Creating environment hook '/root/px4controller/src/px4controller/install/px4controller/share/px4controller/hook/cmake_prefix_path.sh'
[0.367s] Level 1:colcon.colcon_core.environment:checking '/root/px4controller/src/px4controller/install/px4controller/lib'
[0.367s] Level 1:colcon.colcon_core.environment:checking '/root/px4controller/src/px4controller/install/px4controller/bin'
[0.368s] Level 1:colcon.colcon_core.environment:checking '/root/px4controller/src/px4controller/install/px4controller/lib/pkgconfig/px4controller.pc'
[0.368s] Level 1:colcon.colcon_core.environment:checking '/root/px4controller/src/px4controller/install/px4controller/lib/python3.10/site-packages'
[0.368s] Level 1:colcon.colcon_core.environment:checking '/root/px4controller/src/px4controller/install/px4controller/bin'
[0.368s] INFO:colcon.colcon_core.shell:Creating package script '/root/px4controller/src/px4controller/install/px4controller/share/px4controller/package.ps1'
[0.368s] INFO:colcon.colcon_core.shell:Creating package descriptor '/root/px4controller/src/px4controller/install/px4controller/share/px4controller/package.dsv'
[0.369s] INFO:colcon.colcon_core.shell:Creating package script '/root/px4controller/src/px4controller/install/px4controller/share/px4controller/package.sh'
[0.369s] INFO:colcon.colcon_core.shell:Creating package script '/root/px4controller/src/px4controller/install/px4controller/share/px4controller/package.bash'
[0.369s] INFO:colcon.colcon_core.shell:Creating package script '/root/px4controller/src/px4controller/install/px4controller/share/px4controller/package.zsh'
[0.369s] Level 1:colcon.colcon_core.environment:create_file_with_runtime_dependencies(/root/px4controller/src/px4controller/install/px4controller/share/colcon-core/packages/px4controller)
[0.370s] DEBUG:colcon.colcon_parallel_executor.executor.parallel:closing loop
[0.370s] DEBUG:colcon.colcon_parallel_executor.executor.parallel:loop closed
[0.370s] DEBUG:colcon.colcon_parallel_executor.executor.parallel:run_until_complete finished with '0'
[0.370s] DEBUG:colcon.colcon_core.event_reactor:joining thread
[0.419s] INFO:colcon.colcon_core.plugin_system:Skipping extension 'colcon_notification.desktop_notification.notify_send': Could not find 'notify-send'
[0.420s] INFO:colcon.colcon_core.plugin_system:Skipping extension 'colcon_notification.desktop_notification.terminal_notifier': Not used on non-Darwin systems
[0.420s] INFO:colcon.colcon_core.plugin_system:Skipping extension 'colcon_notification.desktop_notification.win32': Not used on non-Windows systems
[0.420s] INFO:colcon.colcon_notification.desktop_notification:Sending desktop notification using 'notify2'
[0.420s] DEBUG:colcon.colcon_notification.desktop_notification.notify2:Failed to initialize notify2: org.freedesktop.DBus.Error.FileNotFound: Failed to connect to socket /run/user/0/bus: No such file or directory
[0.420s] DEBUG:colcon.colcon_core.event_reactor:joined thread
[0.420s] INFO:colcon.colcon_core.shell:Creating prefix script '/root/px4controller/src/px4controller/install/local_setup.ps1'
[0.421s] INFO:colcon.colcon_core.shell:Creating prefix util module '/root/px4controller/src/px4controller/install/_local_setup_util_ps1.py'
[0.422s] INFO:colcon.colcon_core.shell:Creating prefix chain script '/root/px4controller/src/px4controller/install/setup.ps1'
[0.422s] INFO:colcon.colcon_core.shell:Creating prefix script '/root/px4controller/src/px4controller/install/local_setup.sh'
[0.423s] INFO:colcon.colcon_core.shell:Creating prefix util module '/root/px4controller/src/px4controller/install/_local_setup_util_sh.py'
[0.423s] INFO:colcon.colcon_core.shell:Creating prefix chain script '/root/px4controller/src/px4controller/install/setup.sh'
[0.424s] INFO:colcon.colcon_core.shell:Creating prefix script '/root/px4controller/src/px4controller/install/local_setup.bash'
[0.424s] INFO:colcon.colcon_core.shell:Creating prefix chain script '/root/px4controller/src/px4controller/install/setup.bash'
[0.425s] INFO:colcon.colcon_core.shell:Creating prefix script '/root/px4controller/src/px4controller/install/local_setup.zsh'
[0.425s] INFO:colcon.colcon_core.shell:Creating prefix chain script '/root/px4controller/src/px4controller/install/setup.zsh'
