[35m[1mConsolidate compiler generated dependencies of target px4_controller[0m
[ 33%] [32mBuilding CXX object CMakeFiles/px4_controller.dir/src/px4_proxy.cpp.o[0m
In file included from [01m[K/root/px4controller/src/px4controller/src/px4_proxy.cpp:1[m[K:
[01m[K/root/px4controller/src/px4controller/include/px4_proxy.hpp:[m[K In member function ‘[01m[Kvirtual void PX4Proxy::onPX4Updated(uint32_t)[m[K’:
[01m[K/root/px4controller/src/px4controller/include/px4_proxy.hpp:76:38:[m[K [01;35m[Kwarning: [m[Kunused parameter ‘[01m[Kflags[m[K’ [[01;35m[K]8;;https://gcc.gnu.org/onlinedocs/gcc/Warning-Options.html#index-Wunused-parameter-Wunused-parameter]8;;[m[K]
   76 |   virtual void onPX4Updated([01;35m[Kuint32_t flags[m[K) {}
      |                             [01;35m[K~~~~~~~~~^~~~~[m[K
[ 66%] [32m[1mLinking CXX executable px4_controller[0m
[100%] Built target px4_controller
-- Install configuration: ""
-- Installing: /root/px4controller/src/px4controller/install/px4controller/lib/px4controller/px4_controller
-- Set runtime path of "/root/px4controller/src/px4controller/install/px4controller/lib/px4controller/px4_controller" to ""
-- Up-to-date: /root/px4controller/src/px4controller/install/px4controller/include
-- Up-to-date: /root/px4controller/src/px4controller/install/px4controller/include/px4_controller.hpp
-- Installing: /root/px4controller/src/px4controller/install/px4controller/include/px4_proxy.hpp
-- Up-to-date: /root/px4controller/src/px4controller/install/px4controller/share/px4controller/launch
-- Up-to-date: /root/px4controller/src/px4controller/install/px4controller/share/px4controller/launch/px4controller_launch.py
-- Up-to-date: /root/px4controller/src/px4controller/install/px4controller/share/ament_index/resource_index/package_run_dependencies/px4controller
-- Up-to-date: /root/px4controller/src/px4controller/install/px4controller/share/ament_index/resource_index/parent_prefix_path/px4controller
-- Up-to-date: /root/px4controller/src/px4controller/install/px4controller/share/px4controller/environment/ament_prefix_path.sh
-- Up-to-date: /root/px4controller/src/px4controller/install/px4controller/share/px4controller/environment/ament_prefix_path.dsv
-- Up-to-date: /root/px4controller/src/px4controller/install/px4controller/share/px4controller/environment/path.sh
-- Up-to-date: /root/px4controller/src/px4controller/install/px4controller/share/px4controller/environment/path.dsv
-- Up-to-date: /root/px4controller/src/px4controller/install/px4controller/share/px4controller/local_setup.bash
-- Up-to-date: /root/px4controller/src/px4controller/install/px4controller/share/px4controller/local_setup.sh
-- Up-to-date: /root/px4controller/src/px4controller/install/px4controller/share/px4controller/local_setup.zsh
-- Up-to-date: /root/px4controller/src/px4controller/install/px4controller/share/px4controller/local_setup.dsv
-- Installing: /root/px4controller/src/px4controller/install/px4controller/share/px4controller/package.dsv
-- Up-to-date: /root/px4controller/src/px4controller/install/px4controller/share/ament_index/resource_index/packages/px4controller
-- Up-to-date: /root/px4controller/src/px4controller/install/px4controller/share/px4controller/cmake/ament_cmake_export_dependencies-extras.cmake
-- Up-to-date: /root/px4controller/src/px4controller/install/px4controller/share/px4controller/cmake/px4controllerConfig.cmake
-- Up-to-date: /root/px4controller/src/px4controller/install/px4controller/share/px4controller/cmake/px4controllerConfig-version.cmake
-- Up-to-date: /root/px4controller/src/px4controller/install/px4controller/share/px4controller/package.xml
