[100%] Built target px4_controller
-- Install configuration: ""
-- Up-to-date: /root/px4controller/src/px4controller/install/px4controller/lib/px4controller/px4_controller
-- Up-to-date: /root/px4controller/src/px4controller/install/px4controller/include
-- Up-to-date: /root/px4controller/src/px4controller/install/px4controller/include/px4_controller.hpp
-- Up-to-date: /root/px4controller/src/px4controller/install/px4controller/include/px4_proxy.hpp
-- Up-to-date: /root/px4controller/src/px4controller/install/px4controller/share/px4controller/launch
-- Installing: /root/px4controller/src/px4controller/install/px4controller/share/px4controller/launch/px4controller_launch.py
-- Up-to-date: /root/px4controller/src/px4controller/install/px4controller/share/ament_index/resource_index/package_run_dependencies/px4controller
-- Up-to-date: /root/px4controller/src/px4controller/install/px4controller/share/ament_index/resource_index/parent_prefix_path/px4controller
-- Up-to-date: /root/px4controller/src/px4controller/install/px4controller/share/px4controller/environment/ament_prefix_path.sh
-- Up-to-date: /root/px4controller/src/px4controller/install/px4controller/share/px4controller/environment/ament_prefix_path.dsv
-- Up-to-date: /root/px4controller/src/px4controller/install/px4controller/share/px4controller/environment/path.sh
-- Up-to-date: /root/px4controller/src/px4controller/install/px4controller/share/px4controller/environment/path.dsv
-- Up-to-date: /root/px4controller/src/px4controller/install/px4controller/share/px4controller/local_setup.bash
-- Up-to-date: /root/px4controller/src/px4controller/install/px4controller/share/px4controller/local_setup.sh
-- Up-to-date: /root/px4controller/src/px4controller/install/px4controller/share/px4controller/local_setup.zsh
-- Up-to-date: /root/px4controller/src/px4controller/install/px4controller/share/px4controller/local_setup.dsv
-- Installing: /root/px4controller/src/px4controller/install/px4controller/share/px4controller/package.dsv
-- Up-to-date: /root/px4controller/src/px4controller/install/px4controller/share/ament_index/resource_index/packages/px4controller
-- Up-to-date: /root/px4controller/src/px4controller/install/px4controller/share/px4controller/cmake/ament_cmake_export_dependencies-extras.cmake
-- Up-to-date: /root/px4controller/src/px4controller/install/px4controller/share/px4controller/cmake/px4controllerConfig.cmake
-- Up-to-date: /root/px4controller/src/px4controller/install/px4controller/share/px4controller/cmake/px4controllerConfig-version.cmake
-- Up-to-date: /root/px4controller/src/px4controller/install/px4controller/share/px4controller/package.xml
